2024-09-20 19:45:51,363 - INFO - Running application version v1.0.3
2024-09-20 19:45:51,370 - INFO - Successfully loaded settings file.
2024-09-20 19:45:55,246 - INFO - Starting analysis with parameters: initial_product_price=109.0, fiat_currency=gbp, initial_crypto=ltc, final_crypto=xmr, days_to_search=7
2024-09-20 19:45:55,256 - DEBUG - Starting new HTTPS connection (1): www.google.com:443
2024-09-20 19:45:55,403 - DEBUG - https://www.google.com:443 "GET / HTTP/11" 200 None
2024-09-20 19:45:55,407 - INFO - Attempting to download shared data from GitHub...
2024-09-20 19:45:55,408 - DEBUG - Starting new HTTPS connection (1): raw.githubusercontent.com:443
2024-09-20 19:45:55,482 - DEBUG - https://raw.githubusercontent.com:443 "GET /MDMAinsley/get_crypto_fees/main/price_data.json HTTP/11" 200 339
2024-09-20 19:45:55,482 - INFO - Received response from GitHub.
2024-09-20 19:45:55,482 - INFO - Downloaded shared data from GitHub.
2024-09-20 19:45:55,482 - INFO - Local data is the same as shared data. No upload needed.
2024-09-20 19:45:55,483 - INFO - Raw JSON content: [
    {
        "date_time": "2024-09-17 16:33:44",
        "final_estimate": 118.05,
        "initial_product_price": 110.0,
        "fiat_currency": "gbp",
        "initial_crypto": "ltc",
        "final_crypto": "xmr"
    },
    {
        "date_time": "2024-09-17 16:55:00",
        "final_estimate": 117.54,
        "initial_product_price": 110.0,
        "fiat_currency": "gbp",
        "initial_crypto": "ltc",
        "final_crypto": "xmr"
    },
    {
        "date_time": "2024-09-20 00:17:37",
        "final_estimate": 107.5,
        "initial_product_price": 100.0,
        "fiat_currency": "gbp",
        "initial_crypto": "ltc",
        "final_crypto": "xmr"
    },
    {
        "date_time": "2024-09-20 01:17:24",
        "final_estimate": 106.77,
        "initial_product_price": 100.0,
        "fiat_currency": "gbp",
        "initial_crypto": "ltc",
        "final_crypto": "xmr"
    },
    {
        "date_time": "2024-09-20 01:22:31",
        "final_estimate": 107.13,
        "initial_product_price": 100.0,
        "fiat_currency": "gbp",
        "initial_crypto": "ltc",
        "final_crypto": "xmr"
    },
    {
        "date_time": "2024-09-20 01:36:10",
        "final_estimate": 108.39,
        "initial_product_price": 100.0,
        "fiat_currency": "gbp",
        "initial_crypto": "ltc",
        "final_crypto": "xmr"
    },
    {
        "date_time": "2024-09-20 02:34:00",
        "final_estimate": 107.67,
        "initial_product_price": 100.0,
        "fiat_currency": "gbp",
        "initial_crypto": "ltc",
        "final_crypto": "xmr"
    },
    {
        "date_time": "2024-09-20 02:36:14",
        "final_estimate": 107.81,
        "initial_product_price": 100.0,
        "fiat_currency": "gbp",
        "initial_crypto": "btc",
        "final_crypto": "xmr"
    },
    {
        "date_time": "2024-09-20 02:37:21",
        "final_estimate": 107.84,
        "initial_product_price": 100.0,
        "fiat_currency": "gbp",
        "initial_crypto": "btc",
        "final_crypto": "xmr"
    },
    {
        "date_time": "2024-09-20 03:01:51",
        "final_estimate": 118.01,
        "initial_product_price": 109.0,
        "fiat_currency": "gbp",
        "initial_crypto": "ltc",
        "final_crypto": "xmr"
    },
    {
        "date_time": "2024-09-20 03:05:07",
        "final_estimate": 118.03,
        "initial_product_price": 109.0,
        "fiat_currency": "gbp",
        "initial_crypto": "ltc",
        "final_crypto": "xmr"
    },
    {
        "date_time": "2024-09-20 03:44:27",
        "final_estimate": 117.24,
        "initial_product_price": 109.0,
        "fiat_currency": "gbp",
        "initial_crypto": "ltc",
        "final_crypto": "xmr"
    },
    {
        "date_time": "2024-09-20 04:06:16",
        "final_estimate": 117.15,
        "initial_product_price": 109.0,
        "fiat_currency": "gbp",
        "initial_crypto": "ltc",
        "final_crypto": "xmr"
    },
    {
        "date_time": "2024-09-20 12:59:47",
        "final_estimate": 116.86,
        "initial_product_price": 109.0,
        "fiat_currency": "gbp",
        "initial_crypto": "ltc",
        "final_crypto": "xmr"
    },
    {
        "date_time": "2024-09-20 13:00:25",
        "final_estimate": 116.86,
        "initial_product_price": 109.0,
        "fiat_currency": "gbp",
        "initial_crypto": "ltc",
        "final_crypto": "xmr"
    },
    {
        "date_time": "2024-09-20 13:01:51",
        "final_estimate": 116.69,
        "initial_product_price": 109.0,
        "fiat_currency": "gbp",
        "initial_crypto": "ltc",
        "final_crypto": "xmr"
    },
    {
        "date_time": "2024-09-20 13:10:44",
        "final_estimate": 108.99,
        "initial_product_price": 100.0,
        "fiat_currency": "gbp",
        "initial_crypto": "btc",
        "final_crypto": "xmr"
    }
]
2024-09-20 19:45:55,483 - INFO - Parsed JSON data: [{'date_time': '2024-09-17 16:33:44', 'final_estimate': 118.05, 'initial_product_price': 110.0, 'fiat_currency': 'gbp', 'initial_crypto': 'ltc', 'final_crypto': 'xmr'}, {'date_time': '2024-09-17 16:55:00', 'final_estimate': 117.54, 'initial_product_price': 110.0, 'fiat_currency': 'gbp', 'initial_crypto': 'ltc', 'final_crypto': 'xmr'}, {'date_time': '2024-09-20 00:17:37', 'final_estimate': 107.5, 'initial_product_price': 100.0, 'fiat_currency': 'gbp', 'initial_crypto': 'ltc', 'final_crypto': 'xmr'}, {'date_time': '2024-09-20 01:17:24', 'final_estimate': 106.77, 'initial_product_price': 100.0, 'fiat_currency': 'gbp', 'initial_crypto': 'ltc', 'final_crypto': 'xmr'}, {'date_time': '2024-09-20 01:22:31', 'final_estimate': 107.13, 'initial_product_price': 100.0, 'fiat_currency': 'gbp', 'initial_crypto': 'ltc', 'final_crypto': 'xmr'}, {'date_time': '2024-09-20 01:36:10', 'final_estimate': 108.39, 'initial_product_price': 100.0, 'fiat_currency': 'gbp', 'initial_crypto': 'ltc', 'final_crypto': 'xmr'}, {'date_time': '2024-09-20 02:34:00', 'final_estimate': 107.67, 'initial_product_price': 100.0, 'fiat_currency': 'gbp', 'initial_crypto': 'ltc', 'final_crypto': 'xmr'}, {'date_time': '2024-09-20 02:36:14', 'final_estimate': 107.81, 'initial_product_price': 100.0, 'fiat_currency': 'gbp', 'initial_crypto': 'btc', 'final_crypto': 'xmr'}, {'date_time': '2024-09-20 02:37:21', 'final_estimate': 107.84, 'initial_product_price': 100.0, 'fiat_currency': 'gbp', 'initial_crypto': 'btc', 'final_crypto': 'xmr'}, {'date_time': '2024-09-20 03:01:51', 'final_estimate': 118.01, 'initial_product_price': 109.0, 'fiat_currency': 'gbp', 'initial_crypto': 'ltc', 'final_crypto': 'xmr'}, {'date_time': '2024-09-20 03:05:07', 'final_estimate': 118.03, 'initial_product_price': 109.0, 'fiat_currency': 'gbp', 'initial_crypto': 'ltc', 'final_crypto': 'xmr'}, {'date_time': '2024-09-20 03:44:27', 'final_estimate': 117.24, 'initial_product_price': 109.0, 'fiat_currency': 'gbp', 'initial_crypto': 'ltc', 'final_crypto': 'xmr'}, {'date_time': '2024-09-20 04:06:16', 'final_estimate': 117.15, 'initial_product_price': 109.0, 'fiat_currency': 'gbp', 'initial_crypto': 'ltc', 'final_crypto': 'xmr'}, {'date_time': '2024-09-20 12:59:47', 'final_estimate': 116.86, 'initial_product_price': 109.0, 'fiat_currency': 'gbp', 'initial_crypto': 'ltc', 'final_crypto': 'xmr'}, {'date_time': '2024-09-20 13:00:25', 'final_estimate': 116.86, 'initial_product_price': 109.0, 'fiat_currency': 'gbp', 'initial_crypto': 'ltc', 'final_crypto': 'xmr'}, {'date_time': '2024-09-20 13:01:51', 'final_estimate': 116.69, 'initial_product_price': 109.0, 'fiat_currency': 'gbp', 'initial_crypto': 'ltc', 'final_crypto': 'xmr'}, {'date_time': '2024-09-20 13:10:44', 'final_estimate': 108.99, 'initial_product_price': 100.0, 'fiat_currency': 'gbp', 'initial_crypto': 'btc', 'final_crypto': 'xmr'}]
2024-09-20 19:45:55,483 - INFO - Loaded 17 entries from price_data.json
2024-09-20 19:45:55,483 - INFO - Filtering data from the past 7 days (cutoff: 2024-09-13 19:45:55.483805).
2024-09-20 19:45:55,483 - INFO - Original date_time string: 2024-09-17 16:33:44
2024-09-20 19:45:55,485 - INFO - Parsed date_time: 2024-09-17 16:33:44
2024-09-20 19:45:55,485 - INFO - Entry from 2024-09-17 16:33:44 added to recent_data.
2024-09-20 19:45:55,485 - INFO - Original date_time string: 2024-09-17 16:55:00
2024-09-20 19:45:55,485 - INFO - Parsed date_time: 2024-09-17 16:55:00
2024-09-20 19:45:55,485 - INFO - Entry from 2024-09-17 16:55:00 added to recent_data.
2024-09-20 19:45:55,486 - INFO - Original date_time string: 2024-09-20 00:17:37
2024-09-20 19:45:55,486 - INFO - Parsed date_time: 2024-09-20 00:17:37
2024-09-20 19:45:55,486 - INFO - Entry from 2024-09-20 00:17:37 added to recent_data.
2024-09-20 19:45:55,486 - INFO - Original date_time string: 2024-09-20 01:17:24
2024-09-20 19:45:55,486 - INFO - Parsed date_time: 2024-09-20 01:17:24
2024-09-20 19:45:55,486 - INFO - Entry from 2024-09-20 01:17:24 added to recent_data.
2024-09-20 19:45:55,486 - INFO - Original date_time string: 2024-09-20 01:22:31
2024-09-20 19:45:55,486 - INFO - Parsed date_time: 2024-09-20 01:22:31
2024-09-20 19:45:55,486 - INFO - Entry from 2024-09-20 01:22:31 added to recent_data.
2024-09-20 19:45:55,486 - INFO - Original date_time string: 2024-09-20 01:36:10
2024-09-20 19:45:55,486 - INFO - Parsed date_time: 2024-09-20 01:36:10
2024-09-20 19:45:55,486 - INFO - Entry from 2024-09-20 01:36:10 added to recent_data.
2024-09-20 19:45:55,486 - INFO - Original date_time string: 2024-09-20 02:34:00
2024-09-20 19:45:55,486 - INFO - Parsed date_time: 2024-09-20 02:34:00
2024-09-20 19:45:55,486 - INFO - Entry from 2024-09-20 02:34:00 added to recent_data.
2024-09-20 19:45:55,487 - INFO - Original date_time string: 2024-09-20 02:36:14
2024-09-20 19:45:55,487 - INFO - Parsed date_time: 2024-09-20 02:36:14
2024-09-20 19:45:55,487 - INFO - Entry from 2024-09-20 02:36:14 added to recent_data.
2024-09-20 19:45:55,487 - INFO - Original date_time string: 2024-09-20 02:37:21
2024-09-20 19:45:55,487 - INFO - Parsed date_time: 2024-09-20 02:37:21
2024-09-20 19:45:55,487 - INFO - Entry from 2024-09-20 02:37:21 added to recent_data.
2024-09-20 19:45:55,487 - INFO - Original date_time string: 2024-09-20 03:01:51
2024-09-20 19:45:55,487 - INFO - Parsed date_time: 2024-09-20 03:01:51
2024-09-20 19:45:55,487 - INFO - Entry from 2024-09-20 03:01:51 added to recent_data.
2024-09-20 19:45:55,487 - INFO - Original date_time string: 2024-09-20 03:05:07
2024-09-20 19:45:55,487 - INFO - Parsed date_time: 2024-09-20 03:05:07
2024-09-20 19:45:55,487 - INFO - Entry from 2024-09-20 03:05:07 added to recent_data.
2024-09-20 19:45:55,487 - INFO - Original date_time string: 2024-09-20 03:44:27
2024-09-20 19:45:55,487 - INFO - Parsed date_time: 2024-09-20 03:44:27
2024-09-20 19:45:55,487 - INFO - Entry from 2024-09-20 03:44:27 added to recent_data.
2024-09-20 19:45:55,487 - INFO - Original date_time string: 2024-09-20 04:06:16
2024-09-20 19:45:55,488 - INFO - Parsed date_time: 2024-09-20 04:06:16
2024-09-20 19:45:55,488 - INFO - Entry from 2024-09-20 04:06:16 added to recent_data.
2024-09-20 19:45:55,488 - INFO - Original date_time string: 2024-09-20 12:59:47
2024-09-20 19:45:55,488 - INFO - Parsed date_time: 2024-09-20 12:59:47
2024-09-20 19:45:55,488 - INFO - Entry from 2024-09-20 12:59:47 added to recent_data.
2024-09-20 19:45:55,488 - INFO - Original date_time string: 2024-09-20 13:00:25
2024-09-20 19:45:55,488 - INFO - Parsed date_time: 2024-09-20 13:00:25
2024-09-20 19:45:55,488 - INFO - Entry from 2024-09-20 13:00:25 added to recent_data.
2024-09-20 19:45:55,488 - INFO - Original date_time string: 2024-09-20 13:01:51
2024-09-20 19:45:55,488 - INFO - Parsed date_time: 2024-09-20 13:01:51
2024-09-20 19:45:55,488 - INFO - Entry from 2024-09-20 13:01:51 added to recent_data.
2024-09-20 19:45:55,488 - INFO - Original date_time string: 2024-09-20 13:10:44
2024-09-20 19:45:55,488 - INFO - Parsed date_time: 2024-09-20 13:10:44
2024-09-20 19:45:55,488 - INFO - Entry from 2024-09-20 13:10:44 added to recent_data.
2024-09-20 19:45:55,488 - INFO - Total entries found within the date range: 17
2024-09-20 19:45:55,489 - INFO - Checking if value 110.0 is within 5 units of value 109.0. Difference: 1.0
2024-09-20 19:45:55,489 - INFO - Result: Within tolerance
2024-09-20 19:45:55,489 - INFO - Checking if value 110.0 is within 5 units of value 109.0. Difference: 1.0
2024-09-20 19:45:55,489 - INFO - Result: Within tolerance
2024-09-20 19:45:55,489 - INFO - Checking if value 100.0 is within 5 units of value 109.0. Difference: 9.0
2024-09-20 19:45:55,489 - INFO - Result: Out of tolerance
2024-09-20 19:45:55,489 - INFO - Checking if value 100.0 is within 5 units of value 109.0. Difference: 9.0
2024-09-20 19:45:55,489 - INFO - Result: Out of tolerance
2024-09-20 19:45:55,489 - INFO - Checking if value 100.0 is within 5 units of value 109.0. Difference: 9.0
2024-09-20 19:45:55,489 - INFO - Result: Out of tolerance
2024-09-20 19:45:55,489 - INFO - Checking if value 100.0 is within 5 units of value 109.0. Difference: 9.0
2024-09-20 19:45:55,489 - INFO - Result: Out of tolerance
2024-09-20 19:45:55,489 - INFO - Checking if value 100.0 is within 5 units of value 109.0. Difference: 9.0
2024-09-20 19:45:55,489 - INFO - Result: Out of tolerance
2024-09-20 19:45:55,489 - INFO - Checking if value 100.0 is within 5 units of value 109.0. Difference: 9.0
2024-09-20 19:45:55,489 - INFO - Result: Out of tolerance
2024-09-20 19:45:55,489 - INFO - Checking if value 100.0 is within 5 units of value 109.0. Difference: 9.0
2024-09-20 19:45:55,489 - INFO - Result: Out of tolerance
2024-09-20 19:45:55,489 - INFO - Checking if value 109.0 is within 5 units of value 109.0. Difference: 0.0
2024-09-20 19:45:55,490 - INFO - Result: Within tolerance
2024-09-20 19:45:55,490 - INFO - Checking if value 109.0 is within 5 units of value 109.0. Difference: 0.0
2024-09-20 19:45:55,490 - INFO - Result: Within tolerance
2024-09-20 19:45:55,490 - INFO - Checking if value 109.0 is within 5 units of value 109.0. Difference: 0.0
2024-09-20 19:45:55,490 - INFO - Result: Within tolerance
2024-09-20 19:45:55,490 - INFO - Checking if value 109.0 is within 5 units of value 109.0. Difference: 0.0
2024-09-20 19:45:55,490 - INFO - Result: Within tolerance
2024-09-20 19:45:55,490 - INFO - Checking if value 109.0 is within 5 units of value 109.0. Difference: 0.0
2024-09-20 19:45:55,490 - INFO - Result: Within tolerance
2024-09-20 19:45:55,490 - INFO - Checking if value 109.0 is within 5 units of value 109.0. Difference: 0.0
2024-09-20 19:45:55,490 - INFO - Result: Within tolerance
2024-09-20 19:45:55,490 - INFO - Checking if value 109.0 is within 5 units of value 109.0. Difference: 0.0
2024-09-20 19:45:55,490 - INFO - Result: Within tolerance
2024-09-20 19:45:55,490 - INFO - Checking if value 100.0 is within 5 units of value 109.0. Difference: 9.0
2024-09-20 19:45:55,490 - INFO - Result: Out of tolerance
2024-09-20 19:45:55,490 - INFO - Attempt 1: Found 9 entries within 5 tolerance.
2024-09-20 19:45:55,490 - INFO - Data found within 5 units of the initial product price.
2024-09-20 19:45:55,491 - INFO - Best time to buy based on similar product prices is around 13:00PM with an average price of £116.78
